Configuration MO6
Mode graphique sélectionné BM16
Dithering ordonne 8
REM Chargement de /home/rodoc/Téléchargements/arcadia2.jpg
Taille de l'image JPEG 800 pixels * 600 pixels
Composantes par pixel 3
Espace couleur 3
ratio x 2.500000
ratio y 3.000000
Redimensionnement ratio 3.000000
Nouvelle dimensions 133 200
Mode Thomson Palette 16 couleurs et surface traitees 128*200
Correction gamma 1.200000
Correction saturation 1.300000
Reduction de palette octree
Dithering ordonné façon Yliluoma ..........
0 0
4 0
8 0
12 0
16 0
20 0
24 0
28 0
32 0
36 0
40 0
44 0
48 0
52 0
56 0
60 0
64 0
68 0
72 0
76 0
80 0
84 0
88 0
92 0
96 0
100 0
104 0
108 0
112 0
116 0
120 0
124 0
128 0
0 1
4 1
8 1
12 1
16 1
20 1
24 1
28 1
32 1
36 1
40 1
44 1
48 1
52 1
56 1
60 1
64 1
68 1
72 1
76 1
80 1
84 1
88 1
92 1
96 1
100 1
104 1
108 1
112 1
116 1
120 1
124 1
128 1
0 2
4 2
8 2
12 2
16 2
20 2
24 2
28 2
32 2
36 2
40 2
44 2
48 2
52 2
56 2
60 2
64 2
68 2
72 2
76 2
80 2
84 2
88 2
92 2
96 2
100 2
104 2
108 2
112 2
116 2
120 2
124 2
128 2
0 3
4 3
8 3
12 3
16 3
20 3
24 3
28 3
32 3
36 3
40 3
44 3
48 3
52 3
56 3
60 3
64 3
68 3
72 3
76 3
80 3
84 3
88 3
92 3
96 3
100 3
104 3
108 3
112 3
116 3
120 3
124 3
128 3
0 4
4 4
8 4
12 4
16 4
20 4
24 4
28 4
32 4
36 4
40 4
44 4
48 4
52 4
56 4
60 4
64 4
68 4
72 4
76 4
80 4
84 4
88 4
92 4
96 4
100 4
104 4
108 4
112 4
116 4
120 4
124 4
128 4
0 5
4 5
8 5
12 5
16 5
20 5
24 5
28 5
32 5
36 5
40 5
44 5
48 5
52 5
56 5
60 5
64 5
68 5
72 5
76 5
80 5
84 5
88 5
92 5
96 5
100 5
104 5
108 5
112 5
116 5
120 5
124 5
128 5
0 6
4 6
8 6
12 6
16 6
20 6
24 6
28 6
32 6
36 6
40 6
44 6
48 6
52 6
56 6
60 6
64 6
68 6
72 6
76 6
80 6
84 6
88 6
92 6
96 6
100 6
104 6
108 6
112 6
116 6
120 6
124 6
128 6
0 7
4 7
8 7
12 7
16 7
20 7
24 7
28 7
32 7
36 7
40 7
44 7
48 7
52 7
56 7
60 7
64 7
68 7
72 7
76 7
80 7
84 7
88 7
92 7
96 7
100 7
104 7
108 7
112 7
116 7
120 7
124 7
128 7
0 8
4 8
8 8
12 8
16 8
20 8
24 8
28 8
32 8
36 8
40 8
44 8
48 8
52 8
56 8
60 8
64 8
68 8
72 8
76 8
80 8
84 8
88 8
92 8
96 8
100 8
104 8
108 8
112 8
116 8
120 8
124 8
128 8
0 9
4 9
8 9
12 9
16 9
20 9
24 9
28 9
32 9
36 9
40 9
44 9
48 9
52 9
56 9
60 9
64 9
68 9
72 9
76 9
80 9
84 9
88 9
92 9
96 9
100 9
104 9
108 9
112 9
116 9
120 9
124 9
128 9
0 10
4 10
8 10
12 10
16 10
20 10
24 10
28 10
32 10
36 10
40 10
44 10
48 10
52 10
56 10
60 10
64 10
68 10
72 10
76 10
80 10
84 10
88 10
92 10
96 10
100 10
104 10
108 10
112 10
116 10
120 10
124 10
128 10
0 11
4 11
8 11
12 11
16 11
20 11
24 11
28 11
32 11
36 11
40 11
44 11
48 11
52 11
56 11
60 11
64 11
68 11
72 11
76 11
80 11
84 11
88 11
92 11
96 11
100 11
104 11
108 11
112 11
116 11
120 11
124 11
128 11
0 12
4 12
8 12
12 12
16 12
20 12
24 12
28 12
32 12
36 12
40 12
44 12
48 12
52 12
56 12
60 12
64 12
68 12
72 12
76 12
80 12
84 12
88 12
92 12
96 12
100 12
104 12
108 12
112 12
116 12
120 12
124 12
128 12
0 13
4 13
8 13
12 13
16 13
20 13
24 13
28 13
32 13
36 13
40 13
44 13
48 13
52 13
56 13
60 13
64 13
68 13
72 13
76 13
80 13
84 13
88 13
92 13
96 13
100 13
104 13
108 13
112 13
116 13
120 13
124 13
128 13
0 14
4 14
8 14
12 14
16 14
20 14
24 14
28 14
32 14
36 14
40 14
44 14
48 14
52 14
56 14
60 14
64 14
68 14
72 14
76 14
80 14
84 14
88 14
92 14
96 14
100 14
104 14
108 14
112 14
116 14
120 14
124 14
128 14
0 15
4 15
8 15
12 15
16 15
20 15
24 15
28 15
32 15
36 15
40 15
44 15
48 15
52 15
56 15
60 15
64 15
68 15
72 15
76 15
80 15
84 15
88 15
92 15
96 15
100 15
104 15
108 15
112 15
116 15
120 15
124 15
128 15
0 16
4 16
8 16
12 16
16 16
20 16
24 16
28 16
32 16
36 16
40 16
44 16
48 16
52 16
56 16
60 16
64 16
68 16
72 16
76 16
80 16
84 16
88 16
92 16
96 16
100 16
104 16
108 16
112 16
116 16
120 16
124 16
128 16
0 17
4 17
8 17
12 17
16 17
20 17
24 17
28 17
32 17
36 17
40 17
44 17
48 17
52 17
56 17
60 17
64 17
68 17
72 17
76 17
80 17
84 17
88 17
92 17
96 17
100 17
104 17
108 17
112 17
116 17
120 17
124 17
128 17
0 18
4 18
8 18
12 18
16 18
20 18
24 18
28 18
32 18
36 18
40 18
44 18
48 18
52 18
56 18
60 18
64 18
68 18
72 18
76 18
80 18
84 18
88 18
92 18
96 18
100 18
104 18
108 18
112 18
116 18
120 18
124 18
128 18
0 19
4 19
8 19
12 19
16 19
20 19
24 19
28 19
32 19
36 19
40 19
44 19
48 19
52 19
56 19
60 19
64 19
68 19
72 19
76 19
80 19
84 19
88 19
92 19
96 19
100 19
104 19
108 19
112 19
116 19
120 19
124 19
128 19
0 20
4 20
8 20
12 20
16 20
20 20
24 20
28 20
32 20
36 20
40 20
44 20
48 20
52 20
56 20
60 20
64 20
68 20
72 20
76 20
80 20
84 20
88 20
92 20
96 20
100 20
104 20
108 20
112 20
116 20
120 20
124 20
128 20
0 21
4 21
8 21
12 21
16 21
20 21
24 21
28 21
32 21
36 21
40 21
44 21
48 21
52 21
56 21
60 21
64 21
68 21
72 21
76 21
80 21
84 21
88 21
92 21
96 21
100 21
104 21
108 21
112 21
116 21
120 21
124 21
128 21
0 22
4 22
8 22
12 22
16 22
20 22
24 22
28 22
32 22
36 22
40 22
44 22
48 22
52 22
56 22
60 22
64 22
68 22
72 22
76 22
80 22
84 22
88 22
92 22
96 22
100 22
104 22
108 22
112 22
116 22
120 22
124 22
128 22
0 23
4 23
8 23
12 23
16 23
20 23
24 23
28 23
32 23
36 23
40 23
44 23
48 23
52 23
56 23
60 23
64 23
68 23
72 23
76 23
80 23
84 23
88 23
92 23
96 23
100 23
104 23
108 23
112 23
116 23
120 23
124 23
128 23
0 24
4 24
8 24
12 24
16 24
20 24
24 24
28 24
32 24
36 24
40 24
44 24
48 24
52 24
56 24
60 24
64 24
68 24
72 24
76 24
80 24
84 24
88 24
92 24
96 24
100 24
104 24
108 24
112 24
116 24
120 24
124 24
128 24
0 25
4 25
8 25
12 25
16 25
20 25
24 25
28 25
32 25
36 25
40 25
44 25
48 25
52 25
56 25
60 25
64 25
68 25
72 25
76 25
80 25
84 25
88 25
92 25
96 25
100 25
104 25
108 25
112 25
116 25
120 25
124 25
128 25
0 26
4 26
8 26
12 26
16 26
20 26
24 26
28 26
32 26
36 26
40 26
44 26
48 26
52 26
56 26
60 26
64 26
68 26
72 26
76 26
80 26
84 26
88 26
92 26
96 26
100 26
104 26
108 26
112 26
116 26
120 26
124 26
128 26
0 27
4 27
8 27
12 27
16 27
20 27
24 27
28 27
32 27
36 27
40 27
44 27
48 27
52 27
56 27
60 27
64 27
68 27
72 27
76 27
80 27
84 27
88 27
92 27
96 27
100 27
104 27
108 27
112 27
116 27
120 27
124 27
128 27
0 28
4 28
8 28
12 28
16 28
20 28
24 28
28 28
32 28
36 28
40 28
44 28
48 28
52 28
56 28
60 28
64 28
68 28
72 28
76 28
80 28
84 28
88 28
92 28
96 28
100 28
104 28
108 28
112 28
116 28
120 28
124 28
128 28
0 29
4 29
8 29
12 29
16 29
20 29
24 29
28 29
32 29
36 29
40 29
44 29
48 29
52 29
56 29
60 29
64 29
68 29
72 29
76 29
80 29
84 29
88 29
92 29
96 29
100 29
104 29
108 29
112 29
116 29
120 29
124 29
128 29
0 30
4 30
8 30
12 30
16 30
20 30
24 30
28 30
32 30
36 30
40 30
44 30
48 30
52 30
56 30
60 30
64 30
68 30
72 30
76 30
80 30
84 30
88 30
92 30
96 30
100 30
104 30
108 30
112 30
116 30
120 30
124 30
128 30
0 31
4 31
8 31
12 31
16 31
20 31
24 31
28 31
32 31
36 31
40 31
44 31
48 31
52 31
56 31
60 31
64 31
68 31
72 31
76 31
80 31
84 31
88 31
92 31
96 31
100 31
104 31
108 31
112 31
116 31
120 31
124 31
128 31
0 32
4 32
8 32
12 32
16 32
20 32
24 32
28 32
32 32
36 32
40 32
44 32
48 32
52 32
56 32
60 32
64 32
68 32
72 32
76 32
80 32
84 32
88 32
92 32
96 32
100 32
104 32
108 32
112 32
116 32
120 32
124 32
128 32
0 33
4 33
8 33
12 33
16 33
20 33
24 33
28 33
32 33
36 33
40 33
44 33
48 33
52 33
56 33
60 33
64 33
68 33
72 33
76 33
80 33
84 33
88 33
92 33
96 33
100 33
104 33
108 33
112 33
116 33
120 33
124 33
128 33
0 34
4 34
8 34
12 34
16 34
20 34
24 34
28 34
32 34
36 34
40 34
44 34
48 34
52 34
56 34
60 34
64 34
68 34
72 34
76 34
80 34
84 34
88 34
92 34
96 34
100 34
104 34
108 34
112 34
116 34
120 34
124 34
128 34
0 35
4 35
8 35
12 35
16 35
20 35
24 35
28 35
32 35
36 35
40 35
44 35
48 35
52 35
56 35
60 35
64 35
68 35
72 35
76 35
80 35
84 35
88 35
92 35
96 35
100 35
104 35
108 35
112 35
116 35
120 35
124 35
128 35
0 36
4 36
8 36
12 36
16 36
20 36
24 36
28 36
32 36
36 36
40 36
44 36
48 36
52 36
56 36
60 36
64 36
68 36
72 36
76 36
80 36
84 36
88 36
92 36
96 36
100 36
104 36
108 36
112 36
116 36
120 36
124 36
128 36
0 37
4 37
8 37
12 37
16 37
20 37
24 37
28 37
32 37
36 37
40 37
44 37
48 37
52 37
56 37
60 37
64 37
68 37
72 37
76 37
80 37
84 37
88 37
92 37
96 37
100 37
104 37
108 37
112 37
116 37
120 37
124 37
128 37
0 38
4 38
8 38
12 38
16 38
20 38
24 38
28 38
32 38
36 38
40 38
44 38
48 38
52 38
56 38
60 38
64 38
68 38
72 38
76 38
80 38
84 38
88 38
92 38
96 38
100 38
104 38
108 38
112 38
116 38
120 38
124 38
128 38
0 39
4 39
8 39
12 39
16 39
20 39
24 39
28 39
32 39
36 39
40 39
44 39
48 39
52 39
56 39
60 39
64 39
68 39
72 39
76 39
80 39
84 39
88 39
92 39
96 39
100 39
104 39
108 39
112 39
116 39
120 39
124 39
128 39
0 40
4 40
8 40
12 40
16 40
20 40
24 40
28 40
32 40
36 40
40 40
44 40
48 40
52 40
56 40
60 40
64 40
68 40
72 40
76 40
80 40
84 40
88 40
92 40
96 40
100 40
104 40
108 40
112 40
116 40
120 40
124 40
128 40
0 41
4 41
8 41
12 41
16 41
20 41
24 41
28 41
32 41
36 41
40 41
44 41
48 41
52 41
56 41
60 41
64 41
68 41
72 41
76 41
80 41
84 41
88 41
92 41
96 41
100 41
104 41
108 41
112 41
116 41
120 41
124 41
128 41
0 42
4 42
8 42
12 42
16 42
20 42
24 42
28 42
32 42
36 42
40 42
44 42
48 42
52 42
56 42
60 42
64 42
68 42
72 42
76 42
80 42
84 42
88 42
92 42
96 42
100 42
104 42
108 42
112 42
116 42
120 42
124 42
128 42
0 43
4 43
8 43
12 43
16 43
20 43
24 43
28 43
32 43
36 43
40 43
44 43
48 43
52 43
56 43
60 43
64 43
68 43
72 43
76 43
80 43
84 43
88 43
92 43
96 43
100 43
104 43
108 43
112 43
116 43
120 43
124 43
128 43
0 44
4 44
8 44
12 44
16 44
20 44
24 44
28 44
32 44
36 44
40 44
44 44
48 44
52 44
56 44
60 44
64 44
68 44
72 44
76 44
80 44
84 44
88 44
92 44
96 44
100 44
104 44
108 44
112 44
116 44
120 44
124 44
128 44
0 45
4 45
8 45
12 45
16 45
20 45
24 45
28 45
32 45
36 45
40 45
44 45
48 45
52 45
56 45
60 45
64 45
68 45
72 45
76 45
80 45
84 45
88 45
92 45
96 45
100 45
104 45
108 45
112 45
116 45
120 45
124 45
128 45
0 46
4 46
8 46
12 46
16 46
20 46
24 46
28 46
32 46
36 46
40 46
44 46
48 46
52 46
56 46
60 46
64 46
68 46
72 46
76 46
80 46
84 46
88 46
92 46
96 46
100 46
104 46
108 46
112 46
116 46
120 46
124 46
128 46
0 47
4 47
8 47
12 47
16 47
20 47
24 47
28 47
32 47
36 47
40 47
44 47
48 47
52 47
56 47
60 47
64 47
68 47
72 47
76 47
80 47
84 47
88 47
92 47
96 47
100 47
104 47
108 47
112 47
116 47
120 47
124 47
128 47
0 48
4 48
8 48
12 48
16 48
20 48
24 48
28 48
32 48
36 48
40 48
44 48
48 48
52 48
56 48
60 48
64 48
68 48
72 48
76 48
80 48
84 48
88 48
92 48
96 48
100 48
104 48
108 48
112 48
116 48
120 48
124 48
128 48
0 49
4 49
8 49
12 49
16 49
20 49
24 49
28 49
32 49
36 49
40 49
44 49
48 49
52 49
56 49
60 49
64 49
68 49
72 49
76 49
80 49
84 49
88 49
92 49
96 49
100 49
104 49
108 49
112 49
116 49
120 49
124 49
128 49
0 50
4 50
8 50
12 50
16 50
20 50
24 50
28 50
32 50
36 50
40 50
44 50
48 50
52 50
56 50
60 50
64 50
68 50
72 50
76 50
80 50
84 50
88 50
92 50
96 50
100 50
104 50
108 50
112 50
116 50
120 50
124 50
128 50
0 51
4 51
8 51
12 51
16 51
20 51
24 51
28 51
32 51
36 51
40 51
44 51
48 51
52 51
56 51
60 51
64 51
68 51
72 51
76 51
80 51
84 51
88 51
92 51
96 51
100 51
104 51
108 51
112 51
116 51
120 51
124 51
128 51
0 52
4 52
8 52
12 52
16 52
20 52
24 52
28 52
32 52
36 52
40 52
44 52
48 52
52 52
56 52
60 52
64 52
68 52
72 52
76 52
80 52
84 52
88 52
92 52
96 52
100 52
104 52
108 52
112 52
116 52
120 52
124 52
128 52
0 53
4 53
8 53
12 53
16 53
20 53
24 53
28 53
32 53
36 53
40 53
44 53
48 53
52 53
56 53
60 53
64 53
68 53
72 53
76 53
80 53
84 53
88 53
92 53
96 53
100 53
104 53
108 53
112 53
116 53
120 53
124 53
128 53
0 54
4 54
8 54
12 54
16 54
20 54
24 54
28 54
32 54
36 54
40 54
44 54
48 54
52 54
56 54
60 54
64 54
68 54
72 54
76 54
80 54
84 54
88 54
92 54
96 54
100 54
104 54
108 54
112 54
116 54
120 54
124 54
128 54
0 55
4 55
8 55
12 55
16 55
20 55
24 55
28 55
32 55
36 55
40 55
44 55
48 55
52 55
56 55
60 55
64 55
68 55
72 55
76 55
80 55
84 55
88 55
92 55
96 55
100 55
104 55
108 55
112 55
116 55
120 55
124 55
128 55
0 56
4 56
8 56
12 56
16 56
20 56
24 56
28 56
32 56
36 56
40 56
44 56
48 56
52 56
56 56
60 56
64 56
68 56
72 56
76 56
80 56
84 56
88 56
92 56
96 56
100 56
104 56
108 56
112 56
116 56
120 56
124 56
128 56
0 57
4 57
8 57
12 57
16 57
20 57
24 57
28 57
32 57
36 57
40 57
44 57
48 57
52 57
56 57
60 57
64 57
68 57
72 57
76 57
80 57
84 57
88 57
92 57
96 57
100 57
104 57
108 57
112 57
116 57
120 57
124 57
128 57
0 58
4 58
8 58
12 58
16 58
20 58
24 58
28 58
32 58
36 58
40 58
44 58
48 58
52 58
56 58
60 58
64 58
68 58
72 58
76 58
80 58
84 58
88 58
92 58
96 58
100 58
104 58
108 58
112 58
116 58
120 58
124 58
128 58
0 59
4 59
8 59
12 59
16 59
20 59
24 59
28 59
32 59
36 59
40 59
44 59
48 59
52 59
56 59
60 59
64 59
68 59
72 59
76 59
80 59
84 59
88 59
92 59
96 59
100 59
104 59
108 59
112 59
116 59
120 59
124 59
128 59
0 60
4 60
8 60
12 60
16 60
20 60
24 60
28 60
32 60
36 60
40 60
44 60
48 60
52 60
56 60
60 60
64 60
68 60
72 60
76 60
80 60
84 60
88 60
92 60
96 60
100 60
104 60
108 60
112 60
116 60
120 60
124 60
128 60
0 61
4 61
8 61
12 61
16 61
20 61
24 61
28 61
32 61
36 61
40 61
44 61
48 61
52 61
56 61
60 61
64 61
68 61
72 61
76 61
80 61
84 61
88 61
92 61
96 61
100 61
104 61
108 61
112 61
116 61
120 61
124 61
128 61
0 62
4 62
8 62
12 62
16 62
20 62
24 62
28 62
32 62
36 62
40 62
44 62
48 62
52 62
56 62
60 62
64 62
68 62
72 62
76 62
80 62
84 62
88 62
92 62
96 62
100 62
104 62
108 62
112 62
116 62
120 62
124 62
128 62
0 63
4 63
8 63
12 63
16 63
20 63
24 63
28 63
32 63
36 63
40 63
44 63
48 63
52 63
56 63
60 63
64 63
68 63
72 63
76 63
80 63
84 63
88 63
92 63
96 63
100 63
104 63
108 63
112 63
116 63
120 63
124 63
128 63
0 64
4 64
8 64
12 64
16 64
20 64
24 64
28 64
32 64
36 64
40 64
44 64
48 64
52 64
56 64
60 64
64 64
68 64
72 64
76 64
80 64
84 64
88 64
92 64
96 64
100 64
104 64
108 64
112 64
116 64
120 64
124 64
128 64
0 65
4 65
8 65
12 65
16 65
20 65
24 65
28 65
32 65
36 65
40 65
44 65
48 65
52 65
56 65
60 65
64 65
68 65
72 65
76 65
80 65
84 65
88 65
92 65
96 65
100 65
104 65
108 65
112 65
116 65
120 65
124 65
128 65
0 66
4 66
8 66
12 66
16 66
20 66
24 66
28 66
32 66
36 66
40 66
44 66
48 66
52 66
56 66
60 66
64 66
68 66
72 66
76 66
80 66
84 66
88 66
92 66
96 66
100 66
104 66
108 66
112 66
116 66
120 66
124 66
128 66
0 67
4 67
8 67
12 67
16 67
20 67
24 67
28 67
32 67
36 67
40 67
44 67
48 67
52 67
56 67
60 67
64 67
68 67
72 67
76 67
80 67
84 67
88 67
92 67
96 67
100 67
104 67
108 67
112 67
116 67
120 67
124 67
128 67
0 68
4 68
8 68
12 68
16 68
20 68
24 68
28 68
32 68
36 68
40 68
44 68
48 68
52 68
56 68
60 68
64 68
68 68
72 68
76 68
80 68
84 68
88 68
92 68
96 68
100 68
104 68
108 68
112 68
116 68
120 68
124 68
128 68
0 69
4 69
8 69
12 69
16 69
20 69
24 69
28 69
32 69
36 69
40 69
44 69
48 69
52 69
56 69
60 69
64 69
68 69
72 69
76 69
80 69
84 69
88 69
92 69
96 69
100 69
104 69
108 69
112 69
116 69
120 69
124 69
128 69
0 70
4 70
8 70
12 70
16 70
20 70
24 70
28 70
32 70
36 70
40 70
44 70
48 70
52 70
56 70
60 70
64 70
68 70
72 70
76 70
80 70
84 70
88 70
92 70
96 70
100 70
104 70
108 70
112 70
116 70
120 70
124 70
128 70
0 71
4 71
8 71
12 71
16 71
20 71
24 71
28 71
32 71
36 71
40 71
44 71
48 71
52 71
56 71
60 71
64 71
68 71
72 71
76 71
80 71
84 71
88 71
92 71
96 71
100 71
104 71
108 71
112 71
116 71
120 71
124 71
128 71
0 72
4 72
8 72
12 72
16 72
20 72
24 72
28 72
32 72
36 72
40 72
44 72
48 72
52 72
56 72
60 72
64 72
68 72
72 72
76 72
80 72
84 72
88 72
92 72
96 72
100 72
104 72
108 72
112 72
116 72
120 72
124 72
128 72
0 73
4 73
8 73
12 73
16 73
20 73
24 73
28 73
32 73
36 73
40 73
44 73
48 73
52 73
56 73
60 73
64 73
68 73
72 73
76 73
80 73
84 73
88 73
92 73
96 73
100 73
104 73
108 73
112 73
116 73
120 73
124 73
128 73
0 74
4 74
8 74
12 74
16 74
20 74
24 74
28 74
32 74
36 74
40 74
44 74
48 74
52 74
56 74
60 74
64 74
68 74
72 74
76 74
80 74
84 74
88 74
92 74
96 74
100 74
104 74
108 74
112 74
116 74
120 74
124 74
128 74
0 75
4 75
8 75
12 75
16 75
20 75
24 75
28 75
32 75
36 75
40 75
44 75
48 75
52 75
56 75
60 75
64 75
68 75
72 75
76 75
80 75
84 75
88 75
92 75
96 75
100 75
104 75
108 75
112 75
116 75
120 75
124 75
128 75
0 76
4 76
8 76
12 76
16 76
20 76
24 76
28 76
32 76
36 76
40 76
44 76
48 76
52 76
56 76
60 76
64 76
68 76
72 76
76 76
80 76
84 76
88 76
92 76
96 76
100 76
104 76
108 76
112 76
116 76
120 76
124 76
128 76
0 77
4 77
8 77
12 77
16 77
20 77
24 77
28 77
32 77
36 77
40 77
44 77
48 77
52 77
56 77
60 77
64 77
68 77
72 77
76 77
80 77
84 77
88 77
92 77
96 77
100 77
104 77
108 77
112 77
116 77
120 77
124 77
128 77
0 78
4 78
8 78
12 78
16 78
20 78
24 78
28 78
32 78
36 78
40 78
44 78
48 78
52 78
56 78
60 78
64 78
68 78
72 78
76 78
80 78
84 78
88 78
92 78
96 78
100 78
104 78
108 78
112 78
116 78
120 78
124 78
128 78
0 79
4 79
8 79
12 79
16 79
20 79
24 79
28 79
32 79
36 79
40 79
44 79
48 79
52 79
56 79
60 79
64 79
68 79
72 79
76 79
80 79
84 79
88 79
92 79
96 79
100 79
104 79
108 79
112 79
116 79
120 79
124 79
128 79
0 80
4 80
8 80
12 80
16 80
20 80
24 80
28 80
32 80
36 80
40 80
44 80
48 80
52 80
56 80
60 80
64 80
68 80
72 80
76 80
80 80
84 80
88 80
92 80
96 80
100 80
104 80
108 80
112 80
116 80
120 80
124 80
128 80
0 81
4 81
8 81
12 81
16 81
20 81
24 81
28 81
32 81
36 81
40 81
44 81
48 81
52 81
56 81
60 81
64 81
68 81
72 81
76 81
80 81
84 81
88 81
92 81
96 81
100 81
104 81
108 81
112 81
116 81
120 81
124 81
128 81
0 82
4 82
8 82
12 82
16 82
20 82
24 82
28 82
32 82
36 82
40 82
44 82
48 82
52 82
56 82
60 82
64 82
68 82
72 82
76 82
80 82
84 82
88 82
92 82
96 82
100 82
104 82
108 82
112 82
116 82
120 82
124 82
128 82
0 83
4 83
8 83
12 83
16 83
20 83
24 83
28 83
32 83
36 83
40 83
44 83
48 83
52 83
56 83
60 83
64 83
68 83
72 83
76 83
80 83
84 83
88 83
92 83
96 83
100 83
104 83
108 83
112 83
116 83
120 83
124 83
128 83
0 84
4 84
8 84
12 84
16 84
20 84
24 84
28 84
32 84
36 84
40 84
44 84
48 84
52 84
56 84
60 84
64 84
68 84
72 84
76 84
80 84
84 84
88 84
92 84
96 84
100 84
104 84
108 84
112 84
116 84
120 84
124 84
128 84
0 85
4 85
8 85
12 85
16 85
20 85
24 85
28 85
32 85
36 85
40 85
44 85
48 85
52 85
56 85
60 85
64 85
68 85
72 85
76 85
80 85
84 85
88 85
92 85
96 85
100 85
104 85
108 85
112 85
116 85
120 85
124 85
128 85
0 86
4 86
8 86
12 86
16 86
20 86
24 86
28 86
32 86
36 86
40 86
44 86
48 86
52 86
56 86
60 86
64 86
68 86
72 86
76 86
80 86
84 86
88 86
92 86
96 86
100 86
104 86
108 86
112 86
116 86
120 86
124 86
128 86
0 87
4 87
8 87
12 87
16 87
20 87
24 87
28 87
32 87
36 87
40 87
44 87
48 87
52 87
56 87
60 87
64 87
68 87
72 87
76 87
80 87
84 87
88 87
92 87
96 87
100 87
104 87
108 87
112 87
116 87
120 87
124 87
128 87
0 88
4 88
8 88
12 88
16 88
20 88
24 88
28 88
32 88
36 88
40 88
44 88
48 88
52 88
56 88
60 88
64 88
68 88
72 88
76 88
80 88
84 88
88 88
92 88
96 88
100 88
104 88
108 88
112 88
116 88
120 88
124 88
128 88
0 89
4 89
8 89
12 89
16 89
20 89
24 89
28 89
32 89
36 89
40 89
44 89
48 89
52 89
56 89
60 89
64 89
68 89
72 89
76 89
80 89
84 89
88 89
92 89
96 89
100 89
104 89
108 89
112 89
116 89
120 89
124 89
128 89
0 90
4 90
8 90
12 90
16 90
20 90
24 90
28 90
32 90
36 90
40 90
44 90
48 90
52 90
56 90
60 90
64 90
68 90
72 90
76 90
80 90
84 90
88 90
92 90
96 90
100 90
104 90
108 90
112 90
116 90
120 90
124 90
128 90
0 91
4 91
8 91
12 91
16 91
20 91
24 91
28 91
32 91
36 91
40 91
44 91
48 91
52 91
56 91
60 91
64 91
68 91
72 91
76 91
80 91
84 91
88 91
92 91
96 91
100 91
104 91
108 91
112 91
116 91
120 91
124 91
128 91
0 92
4 92
8 92
12 92
16 92
20 92
24 92
28 92
32 92
36 92
40 92
44 92
48 92
52 92
56 92
60 92
64 92
68 92
72 92
76 92
80 92
84 92
88 92
92 92
96 92
100 92
104 92
108 92
112 92
116 92
120 92
124 92
128 92
0 93
4 93
8 93
12 93
16 93
20 93
24 93
28 93
32 93
36 93
40 93
44 93
48 93
52 93
56 93
60 93
64 93
68 93
72 93
76 93
80 93
84 93
88 93
92 93
96 93
100 93
104 93
108 93
112 93
116 93
120 93
124 93
128 93
0 94
4 94
8 94
12 94
16 94
20 94
24 94
28 94
32 94
36 94
40 94
44 94
48 94
52 94
56 94
60 94
64 94
68 94
72 94
76 94
80 94
84 94
88 94
92 94
96 94
100 94
104 94
108 94
112 94
116 94
120 94
124 94
128 94
0 95
4 95
8 95
12 95
16 95
20 95
24 95
28 95
32 95
36 95
40 95
44 95
48 95
52 95
56 95
60 95
64 95
68 95
72 95
76 95
80 95
84 95
88 95
92 95
96 95
100 95
104 95
108 95
112 95
116 95
120 95
124 95
128 95
0 96
4 96
8 96
12 96
16 96
20 96
24 96
28 96
32 96
36 96
40 96
44 96
48 96
52 96
56 96
60 96
64 96
68 96
72 96
76 96
80 96
84 96
88 96
92 96
96 96
100 96
104 96
108 96
112 96
116 96
120 96
124 96
128 96
0 97
4 97
8 97
12 97
16 97
20 97
24 97
28 97
32 97
36 97
40 97
44 97
48 97
52 97
56 97
60 97
64 97
68 97
72 97
76 97
80 97
84 97
88 97
92 97
96 97
100 97
104 97
108 97
112 97
116 97
120 97
124 97
128 97
0 98
4 98
8 98
12 98
16 98
20 98
24 98
28 98
32 98
36 98
40 98
44 98
48 98
52 98
56 98
60 98
64 98
68 98
72 98
76 98
80 98
84 98
88 98
92 98
96 98
100 98
104 98
108 98
112 98
116 98
120 98
124 98
128 98
0 99
4 99
8 99
12 99
16 99
20 99
24 99
28 99
32 99
36 99
40 99
44 99
48 99
52 99
56 99
60 99
64 99
68 99
72 99
76 99
80 99
84 99
88 99
92 99
96 99
100 99
104 99
108 99
112 99
116 99
120 99
124 99
128 99
0 100
4 100
8 100
12 100
16 100
20 100
24 100
28 100
32 100
36 100
40 100
44 100
48 100
52 100
56 100
60 100
64 100
68 100
72 100
76 100
80 100
84 100
88 100
92 100
96 100
100 100
104 100
108 100
112 100
116 100
120 100
124 100
128 100
0 101
4 101
8 101
12 101
16 101
20 101
24 101
28 101
32 101
36 101
40 101
44 101
48 101
52 101
56 101
60 101
64 101
68 101
72 101
76 101
80 101
84 101
88 101
92 101
96 101
100 101
104 101
108 101
112 101
116 101
120 101
124 101
128 101
0 102
4 102
8 102
12 102
16 102
20 102
24 102
28 102
32 102
36 102
40 102
44 102
48 102
52 102
56 102
60 102
64 102
68 102
72 102
76 102
80 102
84 102
88 102
92 102
96 102
100 102
104 102
108 102
112 102
116 102
120 102
124 102
128 102
0 103
4 103
8 103
12 103
16 103
20 103
24 103
28 103
32 103
36 103
40 103
44 103
48 103
52 103
56 103
60 103
64 103
68 103
72 103
76 103
80 103
84 103
88 103
92 103
96 103
100 103
104 103
108 103
112 103
116 103
120 103
124 103
128 103
0 104
4 104
8 104
12 104
16 104
20 104
24 104
28 104
32 104
36 104
40 104
44 104
48 104
52 104
56 104
60 104
64 104
68 104
72 104
76 104
80 104
84 104
88 104
92 104
96 104
100 104
104 104
108 104
112 104
116 104
120 104
124 104
128 104
0 105
4 105
8 105
12 105
16 105
20 105
24 105
28 105
32 105
36 105
40 105
44 105
48 105
52 105
56 105
60 105
64 105
68 105
72 105
76 105
80 105
84 105
88 105
92 105
96 105
100 105
104 105
108 105
112 105
116 105
120 105
124 105
128 105
0 106
4 106
8 106
12 106
16 106
20 106
24 106
28 106
32 106
36 106
40 106
44 106
48 106
52 106
56 106
60 106
64 106
68 106
72 106
76 106
80 106
84 106
88 106
92 106
96 106
100 106
104 106
108 106
112 106
116 106
120 106
124 106
128 106
0 107
4 107
8 107
12 107
16 107
20 107
24 107
28 107
32 107
36 107
40 107
44 107
48 107
52 107
56 107
60 107
64 107
68 107
72 107
76 107
80 107
84 107
88 107
92 107
96 107
100 107
104 107
108 107
112 107
116 107
120 107
124 107
128 107
0 108
4 108
8 108
12 108
16 108
20 108
24 108
28 108
32 108
36 108
40 108
44 108
48 108
52 108
56 108
60 108
64 108
68 108
72 108
76 108
80 108
84 108
88 108
92 108
96 108
100 108
104 108
108 108
112 108
116 108
120 108
124 108
128 108
0 109
4 109
8 109
12 109
16 109
20 109
24 109
28 109
32 109
36 109
40 109
44 109
48 109
52 109
56 109
60 109
64 109
68 109
72 109
76 109
80 109
84 109
88 109
92 109
96 109
100 109
104 109
108 109
112 109
116 109
120 109
124 109
128 109
0 110
4 110
8 110
12 110
16 110
20 110
24 110
28 110
32 110
36 110
40 110
44 110
48 110
52 110
56 110
60 110
64 110
68 110
72 110
76 110
80 110
84 110
88 110
92 110
96 110
100 110
104 110
108 110
112 110
116 110
120 110
124 110
128 110
0 111
4 111
8 111
12 111
16 111
20 111
24 111
28 111
32 111
36 111
40 111
44 111
48 111
52 111
56 111
60 111
64 111
68 111
72 111
76 111
80 111
84 111
88 111
92 111
96 111
100 111
104 111
108 111
112 111
116 111
120 111
124 111
128 111
0 112
4 112
8 112
12 112
16 112
20 112
24 112
28 112
32 112
36 112
40 112
44 112
48 112
52 112
56 112
60 112
64 112
68 112
72 112
76 112
80 112
84 112
88 112
92 112
96 112
100 112
104 112
108 112
112 112
116 112
120 112
124 112
128 112
0 113
4 113
8 113
12 113
16 113
20 113
24 113
28 113
32 113
36 113
40 113
44 113
48 113
52 113
56 113
60 113
64 113
68 113
72 113
76 113
80 113
84 113
88 113
92 113
96 113
100 113
104 113
108 113
112 113
116 113
120 113
124 113
128 113
0 114
4 114
8 114
12 114
16 114
20 114
24 114
28 114
32 114
36 114
40 114
44 114
48 114
52 114
56 114
60 114
64 114
68 114
72 114
76 114
80 114
84 114
88 114
92 114
96 114
100 114
104 114
108 114
112 114
116 114
120 114
124 114
128 114
0 115
4 115
8 115
12 115
16 115
20 115
24 115
28 115
32 115
36 115
40 115
44 115
48 115
52 115
56 115
60 115
64 115
68 115
72 115
76 115
80 115
84 115
88 115
92 115
96 115
100 115
104 115
108 115
112 115
116 115
120 115
124 115
128 115
0 116
4 116
8 116
12 116
16 116
20 116
24 116
28 116
32 116
36 116
40 116
44 116
48 116
52 116
56 116
60 116
64 116
68 116
72 116
76 116
80 116
84 116
88 116
92 116
96 116
100 116
104 116
108 116
112 116
116 116
120 116
124 116
128 116
0 117
4 117
8 117
12 117
16 117
20 117
24 117
28 117
32 117
36 117
40 117
44 117
48 117
52 117
56 117
60 117
64 117
68 117
72 117
76 117
80 117
84 117
88 117
92 117
96 117
100 117
104 117
108 117
112 117
116 117
120 117
124 117
128 117
0 118
4 118
8 118
12 118
16 118
20 118
24 118
28 118
32 118
36 118
40 118
44 118
48 118
52 118
56 118
60 118
64 118
68 118
72 118
76 118
80 118
84 118
88 118
92 118
96 118
100 118
104 118
108 118
112 118
116 118
120 118
124 118
128 118
0 119
4 119
8 119
12 119
16 119
20 119
24 119
28 119
32 119
36 119
40 119
44 119
48 119
52 119
56 119
60 119
64 119
68 119
72 119
76 119
80 119
84 119
88 119
92 119
96 119
100 119
104 119
108 119
112 119
116 119
120 119
124 119
128 119
0 120
4 120
8 120
12 120
16 120
20 120
24 120
28 120
32 120
36 120
40 120
44 120
48 120
52 120
56 120
60 120
64 120
68 120
72 120
76 120
80 120
84 120
88 120
92 120
96 120
100 120
104 120
108 120
112 120
116 120
120 120
124 120
128 120
0 121
4 121
8 121
12 121
16 121
20 121
24 121
28 121
32 121
36 121
40 121
44 121
48 121
52 121
56 121
60 121
64 121
68 121
72 121
76 121
80 121
84 121
88 121
92 121
96 121
100 121
104 121
108 121
112 121
116 121
120 121
124 121
128 121
0 122
4 122
8 122
12 122
16 122
20 122
24 122
28 122
32 122
36 122
40 122
44 122
48 122
52 122
56 122
60 122
64 122
68 122
72 122
76 122
80 122
84 122
88 122
92 122
96 122
100 122
104 122
108 122
112 122
116 122
120 122
124 122
128 122
0 123
4 123
8 123
12 123
16 123
20 123
24 123
28 123
32 123
36 123
40 123
44 123
48 123
52 123
56 123
60 123
64 123
68 123
72 123
76 123
80 123
84 123
88 123
92 123
96 123
100 123
104 123
108 123
112 123
116 123
120 123
124 123
128 123
0 124
4 124
8 124
12 124
16 124
20 124
24 124
28 124
32 124
36 124
40 124
44 124
48 124
52 124
56 124
60 124
64 124
68 124
72 124
76 124
80 124
84 124
88 124
92 124
96 124
100 124
104 124
108 124
112 124
116 124
120 124
124 124
128 124
0 125
4 125
8 125
12 125
16 125
20 125
24 125
28 125
32 125
36 125
40 125
44 125
48 125
52 125
56 125
60 125
64 125
68 125
72 125
76 125
80 125
84 125
88 125
92 125
96 125
100 125
104 125
108 125
112 125
116 125
120 125
124 125
128 125
0 126
4 126
8 126
12 126
16 126
20 126
24 126
28 126
32 126
36 126
40 126
44 126
48 126
52 126
56 126
60 126
64 126
68 126
72 126
76 126
80 126
84 126
88 126
92 126
96 126
100 126
104 126
108 126
112 126
116 126
120 126
124 126
128 126
0 127
4 127
8 127
12 127
16 127
20 127
24 127
28 127
32 127
36 127
40 127
44 127
48 127
52 127
56 127
60 127
64 127
68 127
72 127
76 127
80 127
84 127
88 127
92 127
96 127
100 127
104 127
108 127
112 127
116 127
120 127
124 127
128 127
0 128
4 128
8 128
12 128
16 128
20 128
24 128
28 128
32 128
36 128
40 128
44 128
48 128
52 128
56 128
60 128
64 128
68 128
72 128
76 128
80 128
84 128
88 128
92 128
96 128
100 128
104 128
108 128
112 128
116 128
120 128
124 128
128 128
0 129
4 129
8 129
12 129
16 129
20 129
24 129
28 129
32 129
36 129
40 129
44 129
48 129
52 129
56 129
60 129
64 129
68 129
72 129
76 129
80 129
84 129
88 129
92 129
96 129
100 129
104 129
108 129
112 129
116 129
120 129
124 129
128 129
0 130
4 130
8 130
12 130
16 130
20 130
24 130
28 130
32 130
36 130
40 130
44 130
48 130
52 130
56 130
60 130
64 130
68 130
72 130
76 130
80 130
84 130
88 130
92 130
96 130
100 130
104 130
108 130
112 130
116 130
120 130
124 130
128 130
0 131
4 131
8 131
12 131
16 131
20 131
24 131
28 131
32 131
36 131
40 131
44 131
48 131
52 131
56 131
60 131
64 131
68 131
72 131
76 131
80 131
84 131
88 131
92 131
96 131
100 131
104 131
108 131
112 131
116 131
120 131
124 131
128 131
0 132
4 132
8 132
12 132
16 132
20 132
24 132
28 132
32 132
36 132
40 132
44 132
48 132
52 132
56 132
60 132
64 132
68 132
72 132
76 132
80 132
84 132
88 132
92 132
96 132
100 132
104 132
108 132
112 132
116 132
120 132
124 132
128 132
0 133
4 133
8 133
12 133
16 133
20 133
24 133
28 133
32 133
36 133
40 133
44 133
48 133
52 133
56 133
60 133
64 133
68 133
72 133
76 133
80 133
84 133
88 133
92 133
96 133
100 133
104 133
108 133
112 133
116 133
120 133
124 133
128 133
0 134
4 134
8 134
12 134
16 134
20 134
24 134
28 134
32 134
36 134
40 134
44 134
48 134
52 134
56 134
60 134
64 134
68 134
72 134
76 134
80 134
84 134
88 134
92 134
96 134
100 134
104 134
108 134
112 134
116 134
120 134
124 134
128 134
0 135
4 135
8 135
12 135
16 135
20 135
24 135
28 135
32 135
36 135
40 135
44 135
48 135
52 135
56 135
60 135
64 135
68 135
72 135
76 135
80 135
84 135
88 135
92 135
96 135
100 135
104 135
108 135
112 135
116 135
120 135
124 135
128 135
0 136
4 136
8 136
12 136
16 136
20 136
24 136
28 136
32 136
36 136
40 136
44 136
48 136
52 136
56 136
60 136
64 136
68 136
72 136
76 136
80 136
84 136
88 136
92 136
96 136
100 136
104 136
108 136
112 136
116 136
120 136
124 136
128 136
0 137
4 137
8 137
12 137
16 137
20 137
24 137
28 137
32 137
36 137
40 137
44 137
48 137
52 137
56 137
60 137
64 137
68 137
72 137
76 137
80 137
84 137
88 137
92 137
96 137
100 137
104 137
108 137
112 137
116 137
120 137
124 137
128 137
0 138
4 138
8 138
12 138
16 138
20 138
24 138
28 138
32 138
36 138
40 138
44 138
48 138
52 138
56 138
60 138
64 138
68 138
72 138
76 138
80 138
84 138
88 138
92 138
96 138
100 138
104 138
108 138
112 138
116 138
120 138
124 138
128 138
0 139
4 139
8 139
12 139
16 139
20 139
24 139
28 139
32 139
36 139
40 139
44 139
48 139
52 139
56 139
60 139
64 139
68 139
72 139
76 139
80 139
84 139
88 139
92 139
96 139
100 139
104 139
108 139
112 139
116 139
120 139
124 139
128 139
0 140
4 140
8 140
12 140
16 140
20 140
24 140
28 140
32 140
36 140
40 140
44 140
48 140
52 140
56 140
60 140
64 140
68 140
72 140
76 140
80 140
84 140
88 140
92 140
96 140
100 140
104 140
108 140
112 140
116 140
120 140
124 140
128 140
0 141
4 141
8 141
12 141
16 141
20 141
24 141
28 141
32 141
36 141
40 141
44 141
48 141
52 141
56 141
60 141
64 141
68 141
72 141
76 141
80 141
84 141
88 141
92 141
96 141
100 141
104 141
108 141
112 141
116 141
120 141
124 141
128 141
0 142
4 142
8 142
12 142
16 142
20 142
24 142
28 142
32 142
36 142
40 142
44 142
48 142
52 142
56 142
60 142
64 142
68 142
72 142
76 142
80 142
84 142
88 142
92 142
96 142
100 142
104 142
108 142
112 142
116 142
120 142
124 142
128 142
0 143
4 143
8 143
12 143
16 143
20 143
24 143
28 143
32 143
36 143
40 143
44 143
48 143
52 143
56 143
60 143
64 143
68 143
72 143
76 143
80 143
84 143
88 143
92 143
96 143
100 143
104 143
108 143
112 143
116 143
120 143
124 143
128 143
0 144
4 144
8 144
12 144
16 144
20 144
24 144
28 144
32 144
36 144
40 144
44 144
48 144
52 144
56 144
60 144
64 144
68 144
72 144
76 144
80 144
84 144
88 144
92 144
96 144
100 144
104 144
108 144
112 144
116 144
120 144
124 144
128 144
0 145
4 145
8 145
12 145
16 145
20 145
24 145
28 145
32 145
36 145
40 145
44 145
48 145
52 145
56 145
60 145
64 145
68 145
72 145
76 145
80 145
84 145
88 145
92 145
96 145
100 145
104 145
108 145
112 145
116 145
120 145
124 145
128 145
0 146
4 146
8 146
12 146
16 146
20 146
24 146
28 146
32 146
36 146
40 146
44 146
48 146
52 146
56 146
60 146
64 146
68 146
72 146
76 146
80 146
84 146
88 146
92 146
96 146
100 146
104 146
108 146
112 146
116 146
120 146
124 146
128 146
0 147
4 147
8 147
12 147
16 147
20 147
24 147
28 147
32 147
36 147
40 147
44 147
48 147
52 147
56 147
60 147
64 147
68 147
72 147
76 147
80 147
84 147
88 147
92 147
96 147
100 147
104 147
108 147
112 147
116 147
120 147
124 147
128 147
0 148
4 148
8 148
12 148
16 148
20 148
24 148
28 148
32 148
36 148
40 148
44 148
48 148
52 148
56 148
60 148
64 148
68 148
72 148
76 148
80 148
84 148
88 148
92 148
96 148
100 148
104 148
108 148
112 148
116 148
120 148
124 148
128 148
0 149
4 149
8 149
12 149
16 149
20 149
24 149
28 149
32 149
36 149
40 149
44 149
48 149
52 149
56 149
60 149
64 149
68 149
72 149
76 149
80 149
84 149
88 149
92 149
96 149
100 149
104 149
108 149
112 149
116 149
120 149
124 149
128 149
0 150
4 150
8 150
12 150
16 150
20 150
24 150
28 150
32 150
36 150
40 150
44 150
48 150
52 150
56 150
60 150
64 150
68 150
72 150
76 150
80 150
84 150
88 150
92 150
96 150
100 150
104 150
108 150
112 150
116 150
120 150
124 150
128 150
0 151
4 151
8 151
12 151
16 151
20 151
24 151
28 151
32 151
36 151
40 151
44 151
48 151
52 151
56 151
60 151
64 151
68 151
72 151
76 151
80 151
84 151
88 151
92 151
96 151
100 151
104 151
108 151
112 151
116 151
120 151
124 151
128 151
0 152
4 152
8 152
12 152
16 152
20 152
24 152
28 152
32 152
36 152
40 152
44 152
48 152
52 152
56 152
60 152
64 152
68 152
72 152
76 152
80 152
84 152
88 152
92 152
96 152
100 152
104 152
108 152
112 152
116 152
120 152
124 152
128 152
0 153
4 153
8 153
12 153
16 153
20 153
24 153
28 153
32 153
36 153
40 153
44 153
48 153
52 153
56 153
60 153
64 153
68 153
72 153
76 153
80 153
84 153
88 153
92 153
96 153
100 153
104 153
108 153
112 153
116 153
120 153
124 153
128 153
0 154
4 154
8 154
12 154
16 154
20 154
24 154
28 154
32 154
36 154
40 154
44 154
48 154
52 154
56 154
60 154
64 154
68 154
72 154
76 154
80 154
84 154
88 154
92 154
96 154
100 154
104 154
108 154
112 154
116 154
120 154
124 154
128 154
0 155
4 155
8 155
12 155
16 155
20 155
24 155
28 155
32 155
36 155
40 155
44 155
48 155
52 155
56 155
60 155
64 155
68 155
72 155
76 155
80 155
84 155
88 155
92 155
96 155
100 155
104 155
108 155
112 155
116 155
120 155
124 155
128 155
0 156
4 156
8 156
12 156
16 156
20 156
24 156
28 156
32 156
36 156
40 156
44 156
48 156
52 156
56 156
60 156
64 156
68 156
72 156
76 156
80 156
84 156
88 156
92 156
96 156
100 156
104 156
108 156
112 156
116 156
120 156
124 156
128 156
0 157
4 157
8 157
12 157
16 157
20 157
24 157
28 157
32 157
36 157
40 157
44 157
48 157
52 157
56 157
60 157
64 157
68 157
72 157
76 157
80 157
84 157
88 157
92 157
96 157
100 157
104 157
108 157
112 157
116 157
120 157
124 157
128 157
0 158
4 158
8 158
12 158
16 158
20 158
24 158
28 158
32 158
36 158
40 158
44 158
48 158
52 158
56 158
60 158
64 158
68 158
72 158
76 158
80 158
84 158
88 158
92 158
96 158
100 158
104 158
108 158
112 158
116 158
120 158
124 158
128 158
0 159
4 159
8 159
12 159
16 159
20 159
24 159
28 159
32 159
36 159
40 159
44 159
48 159
52 159
56 159
60 159
64 159
68 159
72 159
76 159
80 159
84 159
88 159
92 159
96 159
100 159
104 159
108 159
112 159
116 159
120 159
124 159
128 159
0 160
4 160
8 160
12 160
16 160
20 160
24 160
28 160
32 160
36 160
40 160
44 160
48 160
52 160
56 160
60 160
64 160
68 160
72 160
76 160
80 160
84 160
88 160
92 160
96 160
100 160
104 160
108 160
112 160
116 160
120 160
124 160
128 160
0 161
4 161
8 161
12 161
16 161
20 161
24 161
28 161
32 161
36 161
40 161
44 161
48 161
52 161
56 161
60 161
64 161
68 161
72 161
76 161
80 161
84 161
88 161
92 161
96 161
100 161
104 161
108 161
112 161
116 161
120 161
124 161
128 161
0 162
4 162
8 162
12 162
16 162
20 162
24 162
28 162
32 162
36 162
40 162
44 162
48 162
52 162
56 162
60 162
64 162
68 162
72 162
76 162
80 162
84 162
88 162
92 162
96 162
100 162
104 162
108 162
112 162
116 162
120 162
124 162
128 162
0 163
4 163
8 163
12 163
16 163
20 163
24 163
28 163
32 163
36 163
40 163
44 163
48 163
52 163
56 163
60 163
64 163
68 163
72 163
76 163
80 163
84 163
88 163
92 163
96 163
100 163
104 163
108 163
112 163
116 163
120 163
124 163
128 163
0 164
4 164
8 164
12 164
16 164
20 164
24 164
28 164
32 164
36 164
40 164
44 164
48 164
52 164
56 164
60 164
64 164
68 164
72 164
76 164
80 164
84 164
88 164
92 164
96 164
100 164
104 164
108 164
112 164
116 164
120 164
124 164
128 164
0 165
4 165
8 165
12 165
16 165
20 165
24 165
28 165
32 165
36 165
40 165
44 165
48 165
52 165
56 165
60 165
64 165
68 165
72 165
76 165
80 165
84 165
88 165
92 165
96 165
100 165
104 165
108 165
112 165
116 165
120 165
124 165
128 165
0 166
4 166
8 166
12 166
16 166
20 166
24 166
28 166
32 166
36 166
40 166
44 166
48 166
52 166
56 166
60 166
64 166
68 166
72 166
76 166
80 166
84 166
88 166
92 166
96 166
100 166
104 166
108 166
112 166
116 166
120 166
124 166
128 166
0 167
4 167
8 167
12 167
16 167
20 167
24 167
28 167
32 167
36 167
40 167
44 167
48 167
52 167
56 167
60 167
64 167
68 167
72 167
76 167
80 167
84 167
88 167
92 167
96 167
100 167
104 167
108 167
112 167
116 167
120 167
124 167
128 167
0 168
4 168
8 168
12 168
16 168
20 168
24 168
28 168
32 168
36 168
40 168
44 168
48 168
52 168
56 168
60 168
64 168
68 168
72 168
76 168
80 168
84 168
88 168
92 168
96 168
100 168
104 168
108 168
112 168
116 168
120 168
124 168
128 168
0 169
4 169
8 169
12 169
16 169
20 169
24 169
28 169
32 169
36 169
40 169
44 169
48 169
52 169
56 169
60 169
64 169
68 169
72 169
76 169
80 169
84 169
88 169
92 169
96 169
100 169
104 169
108 169
112 169
116 169
120 169
124 169
128 169
0 170
4 170
8 170
12 170
16 170
20 170
24 170
28 170
32 170
36 170
40 170
44 170
48 170
52 170
56 170
60 170
64 170
68 170
72 170
76 170
80 170
84 170
88 170
92 170
96 170
100 170
104 170
108 170
112 170
116 170
120 170
124 170
128 170
0 171
4 171
8 171
12 171
16 171
20 171
24 171
28 171
32 171
36 171
40 171
44 171
48 171
52 171
56 171
60 171
64 171
68 171
72 171
76 171
80 171
84 171
88 171
92 171
96 171
100 171
104 171
108 171
112 171
116 171
120 171
124 171
128 171
0 172
4 172
8 172
12 172
16 172
20 172
24 172
28 172
32 172
36 172
40 172
44 172
48 172
52 172
56 172
60 172
64 172
68 172
72 172
76 172
80 172
84 172
88 172
92 172
96 172
100 172
104 172
108 172
112 172
116 172
120 172
124 172
128 172
0 173
4 173
8 173
12 173
16 173
20 173
24 173
28 173
32 173
36 173
40 173
44 173
48 173
52 173
56 173
60 173
64 173
68 173
72 173
76 173
80 173
84 173
88 173
92 173
96 173
100 173
104 173
108 173
112 173
116 173
120 173
124 173
128 173
0 174
4 174
8 174
12 174
16 174
20 174
24 174
28 174
32 174
36 174
40 174
44 174
48 174
52 174
56 174
60 174
64 174
68 174
72 174
76 174
80 174
84 174
88 174
92 174
96 174
100 174
104 174
108 174
112 174
116 174
120 174
124 174
128 174
0 175
4 175
8 175
12 175
16 175
20 175
24 175
28 175
32 175
36 175
40 175
44 175
48 175
52 175
56 175
60 175
64 175
68 175
72 175
76 175
80 175
84 175
88 175
92 175
96 175
100 175
104 175
108 175
112 175
116 175
120 175
124 175
128 175
0 176
4 176
8 176
12 176
16 176
20 176
24 176
28 176
32 176
36 176
40 176
44 176
48 176
52 176
56 176
60 176
64 176
68 176
72 176
76 176
80 176
84 176
88 176
92 176
96 176
100 176
104 176
108 176
112 176
116 176
120 176
124 176
128 176
0 177
4 177
8 177
12 177
16 177
20 177
24 177
28 177
32 177
36 177
40 177
44 177
48 177
52 177
56 177
60 177
64 177
68 177
72 177
76 177
80 177
84 177
88 177
92 177
96 177
100 177
104 177
108 177
112 177
116 177
120 177
124 177
128 177
0 178
4 178
8 178
12 178
16 178
20 178
24 178
28 178
32 178
36 178
40 178
44 178
48 178
52 178
56 178
60 178
64 178
68 178
72 178
76 178
80 178
84 178
88 178
92 178
96 178
100 178
104 178
108 178
112 178
116 178
120 178
124 178
128 178
0 179
4 179
8 179
12 179
16 179
20 179
24 179
28 179
32 179
36 179
40 179
44 179
48 179
52 179
56 179
60 179
64 179
68 179
72 179
76 179
80 179
84 179
88 179
92 179
96 179
100 179
104 179
108 179
112 179
116 179
120 179
124 179
128 179
0 180
4 180
8 180
12 180
16 180
20 180
24 180
28 180
32 180
36 180
40 180
44 180
48 180
52 180
56 180
60 180
64 180
68 180
72 180
76 180
80 180
84 180
88 180
92 180
96 180
100 180
104 180
108 180
112 180
116 180
120 180
124 180
128 180
0 181
4 181
8 181
12 181
16 181
20 181
24 181
28 181
32 181
36 181
40 181
44 181
48 181
52 181
56 181
60 181
64 181
68 181
72 181
76 181
80 181
84 181
88 181
92 181
96 181
100 181
104 181
108 181
112 181
116 181
120 181
124 181
128 181
0 182
4 182
8 182
12 182
16 182
20 182
24 182
28 182
32 182
36 182
40 182
44 182
48 182
52 182
56 182
60 182
64 182
68 182
72 182
76 182
80 182
84 182
88 182
92 182
96 182
100 182
104 182
108 182
112 182
116 182
120 182
124 182
128 182
0 183
4 183
8 183
12 183
16 183
20 183
24 183
28 183
32 183
36 183
40 183
44 183
48 183
52 183
56 183
60 183
64 183
68 183
72 183
76 183
80 183
84 183
88 183
92 183
96 183
100 183
104 183
108 183
112 183
116 183
120 183
124 183
128 183
0 184
4 184
8 184
12 184
16 184
20 184
24 184
28 184
32 184
36 184
40 184
44 184
48 184
52 184
56 184
60 184
64 184
68 184
72 184
76 184
80 184
84 184
88 184
92 184
96 184
100 184
104 184
108 184
112 184
116 184
120 184
124 184
128 184
0 185
4 185
8 185
12 185
16 185
20 185
24 185
28 185
32 185
36 185
40 185
44 185
48 185
52 185
56 185
60 185
64 185
68 185
72 185
76 185
80 185
84 185
88 185
92 185
96 185
100 185
104 185
108 185
112 185
116 185
120 185
124 185
128 185
0 186
4 186
8 186
12 186
16 186
20 186
24 186
28 186
32 186
36 186
40 186
44 186
48 186
52 186
56 186
60 186
64 186
68 186
72 186
76 186
80 186
84 186
88 186
92 186
96 186
100 186
104 186
108 186
112 186
116 186
120 186
124 186
128 186
0 187
4 187
8 187
12 187
16 187
20 187
24 187
28 187
32 187
36 187
40 187
44 187
48 187
52 187
56 187
60 187
64 187
68 187
72 187
76 187
80 187
84 187
88 187
92 187
96 187
100 187
104 187
108 187
112 187
116 187
120 187
124 187
128 187
0 188
4 188
8 188
12 188
16 188
20 188
24 188
28 188
32 188
36 188
40 188
44 188
48 188
52 188
56 188
60 188
64 188
68 188
72 188
76 188
80 188
84 188
88 188
92 188
96 188
100 188
104 188
108 188
112 188
116 188
120 188
124 188
128 188
0 189
4 189
8 189
12 189
16 189
20 189
24 189
28 189
32 189
36 189
40 189
44 189
48 189
52 189
56 189
60 189
64 189
68 189
72 189
76 189
80 189
84 189
88 189
92 189
96 189
100 189
104 189
108 189
112 189
116 189
120 189
124 189
128 189
0 190
4 190
8 190
12 190
16 190
20 190
24 190
28 190
32 190
36 190
40 190
44 190
48 190
52 190
56 190
60 190
64 190
68 190
72 190
76 190
80 190
84 190
88 190
92 190
96 190
100 190
104 190
108 190
112 190
116 190
120 190
124 190
128 190
0 191
4 191
8 191
12 191
16 191
20 191
24 191
28 191
32 191
36 191
40 191
44 191
48 191
52 191
56 191
60 191
64 191
68 191
72 191
76 191
80 191
84 191
88 191
92 191
96 191
100 191
104 191
108 191
112 191
116 191
120 191
124 191
128 191
0 192
4 192
8 192
12 192
16 192
20 192
24 192
28 192
32 192
36 192
40 192
44 192
48 192
52 192
56 192
60 192
64 192
68 192
72 192
76 192
80 192
84 192
88 192
92 192
96 192
100 192
104 192
108 192
112 192
116 192
120 192
124 192
128 192
0 193
4 193
8 193
12 193
16 193
20 193
24 193
28 193
32 193
36 193
40 193
44 193
48 193
52 193
56 193
60 193
64 193
68 193
72 193
76 193
80 193
84 193
88 193
92 193
96 193
100 193
104 193
108 193
112 193
116 193
120 193
124 193
128 193
0 194
4 194
8 194
12 194
16 194
20 194
24 194
28 194
32 194
36 194
40 194
44 194
48 194
52 194
56 194
60 194
64 194
68 194
72 194
76 194
80 194
84 194
88 194
92 194
96 194
100 194
104 194
108 194
112 194
116 194
120 194
124 194
128 194
0 195
4 195
8 195
12 195
16 195
20 195
24 195
28 195
32 195
36 195
40 195
44 195
48 195
52 195
56 195
60 195
64 195
68 195
72 195
76 195
80 195
84 195
88 195
92 195
96 195
100 195
104 195
108 195
112 195
116 195
120 195
124 195
128 195
0 196
4 196
8 196
12 196
16 196
20 196
24 196
28 196
32 196
36 196
40 196
44 196
48 196
52 196
56 196
60 196
64 196
68 196
72 196
76 196
80 196
84 196
88 196
92 196
96 196
100 196
104 196
108 196
112 196
116 196
120 196
124 196
128 196
0 197
4 197
8 197
12 197
16 197
20 197
24 197
28 197
32 197
36 197
40 197
44 197
48 197
52 197
56 197
60 197
64 197
68 197
72 197
76 197
80 197
84 197
88 197
92 197
96 197
100 197
104 197
108 197
112 197
116 197
120 197
124 197
128 197
0 198
4 198
8 198
12 198
16 198
20 198
24 198
28 198
32 198
36 198
40 198
44 198
48 198
52 198
56 198
60 198
64 198
68 198
72 198
76 198
80 198
84 198
88 198
92 198
96 198
100 198
104 198
108 198
112 198
116 198
120 198
124 198
128 198
0 199
4 199
8 199
12 199
16 199
20 199
24 199
28 199
32 199
36 199
40 199
44 199
48 199
52 199
56 199
60 199
64 199
68 199
72 199
76 199
80 199
84 199
88 199
92 199
96 199
100 199
104 199
108 199
112 199
116 199
120 199
124 199
128 199
Affichage du résultat SDL
